<?xml version="1.0" encoding="UTF-8"?>
<!-- Generated by org.testng.reporters.JUnitReportReporter -->
<testsuite skipped="0" hostname="L-156000025" name="aseguramientoBDD.runner.TestRunner" tests="1" failures="0" timestamp="2020-02-18T11:08:51 COT" time="62.012" errors="0">
  <testcase name="feature" time="62.012" classname="aseguramientoBDD.runner.TestRunner"/>
</testsuite> <!-- aseguramientoBDD.runner.TestRunner -->
